<?xml version="1.0" encoding="UTF-8"?>
<!-- Generated by org.testng.reporters.JUnitReportReporter -->
<testsuite hostname="LAPTOP-8OH1O088" failures="0" tests="3" name="com.TestNG.FirstFramework.ParallelBrowsing" time="28.087" errors="0" timestamp="2022-05-19T11:02:52 IST" skipped="0">
  <testcase classname="com.TestNG.FirstFramework.ParallelBrowsing" name="test1" time="10.074"/>
  <system-out/>
  <testcase classname="com.TestNG.FirstFramework.ParallelBrowsing" name="test1" time="8.960"/>
  <system-out/>
  <testcase classname="com.TestNG.FirstFramework.ParallelBrowsing" name="test1" time="9.053"/>
  <system-out/>
</testsuite> <!-- com.TestNG.FirstFramework.ParallelBrowsing -->
