<?xml version="1.0" encoding="UTF-8"?>
<!-- Generated by org.testng.reporters.JUnitReportReporter -->
<testsuite hostname="LAPTOP-8OH1O088" failures="0" tests="6" name="com.TestNG.FirstFramework.AnnotationsPractice" time="0.012" errors="0" timestamp="2022-05-12T07:45:37 IST" skipped="1">
  <testcase classname="com.TestNG.FirstFramework.AnnotationsPractice" name="test2" time="0.008"/>
  <system-out/>
  <testcase classname="com.TestNG.FirstFramework.AnnotationsPractice" name="test3" time="0.001"/>
  <system-out/>
  <testcase classname="com.TestNG.FirstFramework.AnnotationsPractice" name="test1" time="0.001"/>
  <system-out/>
  <testcase classname="com.TestNG.FirstFramework.AnnotationsPractice" name="test4" time="0.001"/>
  <system-out/>
  <testcase classname="com.TestNG.FirstFramework.AnnotationsPractice" name="test1" time="0.001"/>
  <system-out/>
  <testcase classname="com.TestNG.FirstFramework.AnnotationsPractice" name="test5">
    <skipped/>
  </testcase> <!-- test5 -->
  <system-out/>
</testsuite> <!-- com.TestNG.FirstFramework.AnnotationsPractice -->
