<?xml version="1.0" encoding="UTF-8"?>
<!-- Generated by org.testng.reporters.JUnitReportReporter -->
<testsuite hostname="LAPTOP-8OH1O088" failures="0" tests="1" name="com.TestNG.FirstFramework.ForgottenPasswordTest" time="8.860" errors="0" timestamp="2022-05-16T10:00:27 IST" skipped="0">
  <testcase classname="com.TestNG.FirstFramework.ForgottenPasswordTest" name="ForgottenPasswordTest" time="8.860"/>
  <system-out/>
</testsuite> <!-- com.TestNG.FirstFramework.ForgottenPasswordTest -->
