<?xml version="1.0" encoding="UTF-8"?>
<!-- Generated by org.testng.reporters.JUnitReportReporter -->
<testsuite hostname="LAPTOP-8OH1O088" failures="0" tests="1" name="com.Framework.InstagramFramework.LoginTestPage" time="5.847" errors="0" timestamp="2022-05-11T16:51:29 IST" skipped="0">
  <testcase classname="com.Framework.InstagramFramework.LoginTestPage" name="loginTest" time="5.847"/>
  <system-out/>
</testsuite> <!-- com.Framework.InstagramFramework.LoginTestPage -->
