<?xml version="1.0" encoding="UTF-8"?>
<!-- Generated by org.testng.reporters.JUnitReportReporter -->
<testsuite hostname="LAPTOP-8OH1O088" failures="0" tests="2" name="com.Framework.NopCommerce.SignInTest" time="15.303" errors="0" timestamp="2022-05-12T07:20:13 IST" skipped="0">
  <testcase classname="com.Framework.NopCommerce.SignInTest" name="signIn" time="7.389"/>
  <system-out/>
  <testcase classname="com.Framework.NopCommerce.SignInTest" name="signIn" time="7.914"/>
  <system-out/>
</testsuite> <!-- com.Framework.NopCommerce.SignInTest -->
