<?xml version="1.0" encoding="UTF-8"?>
<!-- Generated by org.testng.reporters.JUnitReportReporter -->
<testsuite hostname="LAPTOP-8OH1O088" failures="0" tests="1" name="com.Framework.NopCommerce.RegisterTest" time="25.313" errors="0" timestamp="2022-05-11T23:03:09 IST" skipped="0">
  <testcase classname="com.Framework.NopCommerce.RegisterTest" name="register" time="25.313"/>
  <system-out/>
</testsuite> <!-- com.Framework.NopCommerce.RegisterTest -->
